<?xml version='1.0' encoding='UTF-8'?>
<testsuite hostname="s4n-ThinkPad-E470" name="co.com.s4n.drone.DroneTest" tests="8" errors="0" failures="0" skipped="0" time="0.035" timestamp="2018-08-03T08:42:12">
                     <properties>
[...]
</properties>
                     <testcase classname="co.com.s4n.drone.DroneTest" name="probando retorno posicion" time="0.015">
                                                 
                                               </testcase><testcase classname="co.com.s4n.drone.DroneTest" name="Avanzar drone en direccion de cardinalidad" time="0.002">
                                                 
                                               </testcase><testcase classname="co.com.s4n.drone.DroneTest" name="Girar Drone 90 Grados a la izquierda" time="0.002">
                                                 
                                               </testcase><testcase classname="co.com.s4n.drone.DroneTest" name="Girar Drone 90 Grados a la Derecha" time="0.001">
                                                 
                                               </testcase><testcase classname="co.com.s4n.drone.DroneTest" name="Interpretar ruta de una entrega  del drone" time="0.003">
                                                 
                                               </testcase><testcase classname="co.com.s4n.drone.DroneTest" name="Test leer Archivo de instrucciones" time="0.005">
                                                 
                                               </testcase><testcase classname="co.com.s4n.drone.DroneTest" name="Test Resultados coordenadas  de entregas" time="0.005">
                                                 
                                               </testcase><testcase classname="co.com.s4n.drone.DroneTest" name="Test Archivo con Instrucciones malas" time="0.002">
                                                 
                                               </testcase>
                     <system-out><![CDATA[]]></system-out>
                     <system-err><![CDATA[]]></system-err>
                   </testsuite>